2025-11-13 16:10:48 - Registration attempt started for email: azelarce@gmail.com
2025-11-13 16:10:48 - Email check PASSED for: azelarce@gmail.com
2025-11-13 16:11:56 - Registration attempt started for email: kaye@gmail.com
2025-11-13 16:11:56 - Email check PASSED for: kaye@gmail.com
2025-11-13 16:11:56 - REGISTRATION SUCCESSFUL: kaye@gmail.com (ID: 0)
2025-11-17 12:56:02 - Registration attempt started for email: none
2025-11-17 12:56:03 - Registration attempt started for email: none
2025-11-17 12:56:03 - Registration attempt started for email: none
2025-11-17 12:56:03 - Registration attempt started for email: none
2025-11-17 12:56:07 - Registration attempt started for email: none
2025-11-17 12:56:08 - Registration attempt started for email: none
2025-11-17 12:56:09 - Registration attempt started for email: none
2025-11-17 12:56:09 - Registration attempt started for email: none
2025-11-17 13:00:13 - Registration attempt started for email: none
2025-11-17 13:00:14 - Registration attempt started for email: none
2025-11-17 13:00:14 - Registration attempt started for email: none
2025-11-17 13:00:14 - Registration attempt started for email: none
2025-11-17 13:00:29 - Registration attempt started for email: none
2025-11-17 13:01:00 - Registration attempt started for email: none
2025-11-17 13:01:01 - Registration attempt started for email: none
2025-11-17 13:01:01 - Registration attempt started for email: none
2025-11-17 13:03:36 - Registration attempt started for email: none
2025-11-17 13:17:03 - Registration attempt started for email: none
2025-11-17 13:17:03 - Registration attempt started for email: none
2025-11-17 13:17:03 - Registration attempt started for email: none
2025-11-17 13:17:03 - Registration attempt started for email: none
2025-11-17 13:17:04 - Registration attempt started for email: none
2025-11-17 13:17:08 - Registration attempt started for email: none
2025-11-17 13:17:46 - Registration attempt started for email: none
2025-11-17 13:18:47 - Registration attempt started for email: raquel@gmail.com
2025-11-17 13:18:47 - Email check PASSED for: raquel@gmail.com
2025-11-17 13:18:47 - REGISTRATION SUCCESSFUL: raquel@gmail.com (ID: 0)
2025-11-17 13:46:51 - Registration attempt started for email: none
2025-11-17 13:57:49 - Registration attempt started for email: none
2025-11-17 13:57:50 - Registration attempt started for email: none
2025-11-17 14:01:21 - Registration attempt started for email: none
2025-11-17 14:01:22 - Registration attempt started for email: none
2025-11-17 14:01:22 - Registration attempt started for email: none
2025-11-17 14:07:09 - Registration attempt started for email: none
2025-11-17 14:07:10 - Registration attempt started for email: none
2025-11-17 14:07:10 - Registration attempt started for email: none
2025-11-17 14:07:31 - Registration attempt started for email: none
2025-11-17 14:07:33 - Registration attempt started for email: none
2025-11-17 14:07:33 - Registration attempt started for email: none
2025-11-17 14:07:34 - Registration attempt started for email: none
2025-11-17 14:13:56 - Registration attempt started for email: none
2025-11-17 14:13:56 - Registration attempt started for email: none
2025-11-17 14:14:04 - Registration attempt started for email: none
2025-11-17 14:14:08 - Registration attempt started for email: none
2025-11-17 14:14:55 - Registration attempt started for email: none
2025-11-17 14:14:55 - Registration attempt started for email: none
2025-11-17 14:18:25 - Registration attempt started for email: none
2025-11-17 14:18:25 - Registration attempt started for email: none
2025-11-17 14:18:26 - Registration attempt started for email: none
2025-11-17 14:18:26 - Registration attempt started for email: none
2025-11-17 14:18:26 - Registration attempt started for email: none
2025-11-17 14:18:26 - Registration attempt started for email: none
2025-11-17 14:19:08 - Registration attempt started for email: none
2025-11-17 14:19:08 - Registration attempt started for email: none
2025-11-17 14:19:08 - Registration attempt started for email: none
2025-11-17 14:19:08 - Registration attempt started for email: none
2025-11-17 14:19:09 - Registration attempt started for email: none
2025-11-17 14:19:09 - Registration attempt started for email: none
2025-11-17 14:19:09 - Registration attempt started for email: none
2025-11-17 14:19:09 - Registration attempt started for email: none
2025-11-17 14:19:37 - Registration attempt started for email: none
2025-11-17 14:27:42 - Registration attempt started for email: none
2025-11-17 14:27:44 - Registration attempt started for email: none
2025-11-17 14:27:51 - Registration attempt started for email: none
2025-11-17 14:28:53 - Registration attempt started for email: meow@gmail.com
2025-11-17 14:28:53 - Email check PASSED for: meow@gmail.com
2025-11-17 14:28:53 - REGISTRATION SUCCESSFUL: meow@gmail.com (ID: 0)
2025-11-19 10:01:33 - Registration attempt started for email: none
2025-11-19 10:02:05 - Registration attempt started for email: marky@gmail.com
2025-11-19 10:02:05 - Email check PASSED for: marky@gmail.com
2025-11-19 10:02:06 - REGISTRATION SUCCESSFUL: marky@gmail.com (ID: 0)
2025-11-19 10:16:30 - Registration attempt started for email: none
2025-11-19 10:16:33 - Registration attempt started for email: none
2025-11-19 10:18:34 - Registration attempt started for email: none
2025-11-19 10:19:09 - Registration attempt started for email: tash@gmail.com
2025-11-19 10:19:09 - Email check PASSED for: tash@gmail.com
2025-11-19 10:19:09 - REGISTRATION SUCCESSFUL: tash@gmail.com (ID: 0)
2025-11-19 18:38:30 - Registration attempt started for email: none
2025-11-19 18:42:49 - Registration attempt started for email: jjk@gmail.com
2025-11-19 18:42:49 - Email check PASSED for: jjk@gmail.com
2025-11-19 18:42:49 - REGISTRATION SUCCESSFUL: jjk@gmail.com (ID: 0)
2025-11-20 14:05:21 - Registration attempt started for email: none
2025-11-20 14:06:02 - Registration attempt started for email: renelyn@gmail.com
2025-11-20 14:06:02 - Email check PASSED for: renelyn@gmail.com
2025-11-20 14:06:02 - REGISTRATION SUCCESSFUL: renelyn@gmail.com (ID: 0)
2025-11-20 14:09:40 - Registration attempt started for email: none
2025-11-20 16:00:24 - Registration attempt started for email: none
2025-11-20 16:03:45 - Registration attempt started for email: renelyn@gmail.com
2025-11-20 16:03:45 - DUPLICATE EMAIL DETECTED AND BLOCKED: renelyn@gmail.com
2025-11-20 16:03:45 - Registration attempt started for email: none
2025-11-20 16:04:38 - Registration attempt started for email: boang@gmail.com
2025-11-20 16:04:38 - Email check PASSED for: boang@gmail.com
2025-11-20 16:04:39 - REGISTRATION SUCCESSFUL: boang@gmail.com (ID: 0)
2025-11-21 04:16:59 - Registration attempt started for email: none
2025-11-21 04:27:36 - Registration attempt started for email: none
